<?xml version="1.0" encoding="UTF-8"?>
<!-- Generated by org.testng.reporters.JUnitXMLReporter -->
<testsuite hostname="b120627-lt" ignored="0" name="Test01" tests="1" failures="1" timestamp="18 Nov 2018 05:44:56 GMT" time="297.402" errors="0">
  <testcase name="unsuccessfuly_ConfirmPasswordBlank" time="287.128" classname="wsm.teamChoDien.Test.ForgotPasswordTest2">
    <failure type="java.lang.NullPointerException">
      <![CDATA[java.lang.NullPointerException
	at org.openqa.selenium.support.ui.ExpectedConditions.elementIfVisible(ExpectedConditions.java:301)
	at org.openqa.selenium.support.ui.ExpectedConditions.access$100(ExpectedConditions.java:43)
	at org.openqa.selenium.support.ui.ExpectedConditions$10.apply(ExpectedConditions.java:287)
	at org.openqa.selenium.support.ui.ExpectedConditions$10.apply(ExpectedConditions.java:284)
	at org.openqa.selenium.support.ui.FluentWait.until(FluentWait.java:208)
	at wsm.teamChoDien.Test.ForgotPasswordTest2.unsuccessfuly_ConfirmPasswordBlank(ForgotPasswordTest2.java:49)
... Removed 25 stack frames]]>
    </failure>
  </testcase> <!-- unsuccessfuly_ConfirmPasswordBlank -->
</testsuite> <!-- Test01 -->
