<?xml version="1.0" encoding="UTF-8"?>
<testng-results skipped="0" failed="1" ignored="0" total="1" passed="0">
  <reporter-output>
  </reporter-output>
  <suite name="Suite" duration-ms="297402" started-at="2018-11-18T05:39:58Z" finished-at="2018-11-18T05:44:56Z">
    <groups>
    </groups>
    <test name="Test01" duration-ms="297402" started-at="2018-11-18T05:39:58Z" finished-at="2018-11-18T05:44:56Z">
      <class name="wsm.teamChoDien.Test.ForgotPasswordTest2">
        <test-method status="PASS" signature="beforeTest()[pri:0, instance:wsm.teamChoDien.Test.ForgotPasswordTest2@d2cc05a]" name="beforeTest" is-config="true" duration-ms="9473" started-at="2018-11-18T12:39:58Z" finished-at="2018-11-18T12:40:08Z">
          <reporter-output>
          </reporter-output>
        </test-method> <!-- beforeTest -->
        <test-method status="FAIL" signature="unsuccessfuly_ConfirmPasswordBlank()[pri:0, instance:wsm.teamChoDien.Test.ForgotPasswordTest2@d2cc05a]" name="unsuccessfuly_ConfirmPasswordBlank" duration-ms="287128" started-at="2018-11-18T12:40:08Z" finished-at="2018-11-18T12:44:55Z">
          <exception class="java.lang.NullPointerException">
            <full-stacktrace>
              <![CDATA[java.lang.NullPointerException
	at org.openqa.selenium.support.ui.ExpectedConditions.elementIfVisible(ExpectedConditions.java:301)
	at org.openqa.selenium.support.ui.ExpectedConditions.access$100(ExpectedConditions.java:43)
	at org.openqa.selenium.support.ui.ExpectedConditions$10.apply(ExpectedConditions.java:287)
	at org.openqa.selenium.support.ui.ExpectedConditions$10.apply(ExpectedConditions.java:284)
	at org.openqa.selenium.support.ui.FluentWait.until(FluentWait.java:208)
	at wsm.teamChoDien.Test.ForgotPasswordTest2.unsuccessfuly_ConfirmPasswordBlank(ForgotPasswordTest2.java:49)
	at sun.reflect.NativeMethodAccessorImpl.invoke0(Native Method)
	at sun.reflect.NativeMethodAccessorImpl.invoke(NativeMethodAccessorImpl.java:62)
	at sun.reflect.DelegatingMethodAccessorImpl.invoke(DelegatingMethodAccessorImpl.java:43)
	at java.lang.reflect.Method.invoke(Method.java:498)
	at org.testng.internal.MethodInvocationHelper.invokeMethod(MethodInvocationHelper.java:108)
	at org.testng.internal.Invoker.invokeMethod(Invoker.java:669)
	at org.testng.internal.Invoker.invokeTestMethod(Invoker.java:877)
	at org.testng.internal.Invoker.invokeTestMethods(Invoker.java:1201)
	at org.testng.internal.TestMethodWorker.invokeTestMethods(TestMethodWorker.java:125)
	at org.testng.internal.TestMethodWorker.run(TestMethodWorker.java:109)
	at org.testng.TestRunner.privateRun(TestRunner.java:776)
	at org.testng.TestRunner.run(TestRunner.java:634)
	at org.testng.SuiteRunner.runTest(SuiteRunner.java:425)
	at org.testng.SuiteRunner.runSequentially(SuiteRunner.java:420)
	at org.testng.SuiteRunner.privateRun(SuiteRunner.java:385)
	at org.testng.SuiteRunner.run(SuiteRunner.java:334)
	at org.testng.SuiteRunnerWorker.runSuite(SuiteRunnerWorker.java:52)
	at org.testng.SuiteRunnerWorker.run(SuiteRunnerWorker.java:86)
	at org.testng.TestNG.runSuitesSequentially(TestNG.java:1318)
	at org.testng.TestNG.runSuitesLocally(TestNG.java:1243)
	at org.testng.TestNG.runSuites(TestNG.java:1161)
	at org.testng.TestNG.run(TestNG.java:1129)
	at org.testng.remote.AbstractRemoteTestNG.run(AbstractRemoteTestNG.java:114)
	at org.testng.remote.RemoteTestNG.initAndRun(RemoteTestNG.java:251)
	at org.testng.remote.RemoteTestNG.main(RemoteTestNG.java:77)
]]>
            </full-stacktrace>
          </exception> <!-- java.lang.NullPointerException -->
          <reporter-output>
          </reporter-output>
        </test-method> <!-- unsuccessfuly_ConfirmPasswordBlank -->
        <test-method status="PASS" signature="afterTest()[pri:0, instance:wsm.teamChoDien.Test.ForgotPasswordTest2@d2cc05a]" name="afterTest" is-config="true" duration-ms="782" started-at="2018-11-18T12:44:55Z" finished-at="2018-11-18T12:44:56Z">
          <reporter-output>
          </reporter-output>
        </test-method> <!-- afterTest -->
      </class> <!-- wsm.teamChoDien.Test.ForgotPasswordTest2 -->
    </test> <!-- Test01 -->
  </suite> <!-- Suite -->
</testng-results>
